<?xml version="1.0" encoding="UTF-8"?>
<!-- Generated by org.testng.reporters.JUnitReportReporter -->
<testsuite hostname="TYSS-Yogita" failures="0" tests="1" name="com.automationScripts.RegisterTest" time="5.185" errors="0" timestamp="2023-06-15T12:28:36 IST" skipped="0">
  <testcase classname="com.automationScripts.RegisterTest" name="registerTest" time="5.185"/>
  <system-out/>
</testsuite> <!-- com.automationScripts.RegisterTest -->
