<?xml version="1.0" encoding="UTF-8"?>
<!-- Generated by org.testng.reporters.JUnitReportReporter -->
<testsuite hostname="TYSS-Yogita" failures="0" tests="1" name="com.automationScripts.ShoppersStackLogin_002Test" time="34.202" errors="0" timestamp="2023-06-15T12:30:05 IST" skipped="0">
  <testcase classname="com.automationScripts.ShoppersStackLogin_002Test" name="testCase" time="34.202"/>
  <system-out/>
</testsuite> <!-- com.automationScripts.ShoppersStackLogin_002Test -->
